a:4:{s:10:"insertTime";s:19:"2015-06-01 13:00:34";s:2:"ip";s:3:"::1";s:3:"url";s:20:"/windu/aktualnosci-5";s:11:"visitCookie";i:1;}
a:4:{s:10:"insertTime";s:19:"2015-06-01 13:00:34";s:2:"ip";s:3:"::1";s:3:"url";s:43:"/windu/admin/ajax/images/modalUploader/745/";s:11:"visitCookie";i:1;}
a:4:{s:10:"insertTime";s:19:"2015-06-01 13:00:34";s:2:"ip";s:3:"::1";s:3:"url";s:38:"/windu/admin/ajax/widgets/choseWidget/";s:11:"visitCookie";i:1;}
a:4:{s:10:"insertTime";s:19:"2015-06-01 13:00:34";s:2:"ip";s:3:"::1";s:3:"url";s:34:"/windu/admin/frontEditor/show/745/";s:11:"visitCookie";i:1;}
a:4:{s:10:"insertTime";s:19:"2015-06-01 13:00:34";s:2:"ip";s:3:"::1";s:3:"url";s:42:"/windu/admin/ajax/files/modalUploader/745/";s:11:"visitCookie";i:1;}
a:4:{s:10:"insertTime";s:19:"2015-06-01 13:00:34";s:2:"ip";s:3:"::1";s:3:"url";s:45:"/windu/app/plugins/admin/resources/img/246bad";s:11:"visitCookie";i:1;}
a:4:{s:10:"insertTime";s:19:"2015-06-01 13:00:36";s:2:"ip";s:3:"::1";s:3:"url";s:14:"/windu/galeria";s:11:"visitCookie";i:1;}
a:4:{s:10:"insertTime";s:19:"2015-06-01 13:00:37";s:2:"ip";s:3:"::1";s:3:"url";s:38:"/windu/admin/ajax/widgets/choseWidget/";s:11:"visitCookie";i:1;}
a:4:{s:10:"insertTime";s:19:"2015-06-01 13:00:37";s:2:"ip";s:3:"::1";s:3:"url";s:45:"/windu/app/plugins/admin/resources/img/246bad";s:11:"visitCookie";i:1;}
a:4:{s:10:"insertTime";s:19:"2015-06-01 13:00:37";s:2:"ip";s:3:"::1";s:3:"url";s:42:"/windu/admin/ajax/files/modalUploader/737/";s:11:"visitCookie";i:1;}
a:4:{s:10:"insertTime";s:19:"2015-06-01 13:00:37";s:2:"ip";s:3:"::1";s:3:"url";s:34:"/windu/admin/frontEditor/show/737/";s:11:"visitCookie";i:1;}
a:4:{s:10:"insertTime";s:19:"2015-06-01 13:00:37";s:2:"ip";s:3:"::1";s:3:"url";s:43:"/windu/admin/ajax/images/modalUploader/737/";s:11:"visitCookie";i:1;}
a:4:{s:10:"insertTime";s:19:"2015-06-01 13:00:38";s:2:"ip";s:3:"::1";s:3:"url";s:40:"/windu/image/gddwvktjqgkn/170/100/smart/";s:11:"visitCookie";i:1;}
a:4:{s:10:"insertTime";s:19:"2015-06-01 13:00:38";s:2:"ip";s:3:"::1";s:3:"url";s:40:"/windu/image/xxhhzzfntvbq/170/100/smart/";s:11:"visitCookie";i:1;}
a:4:{s:10:"insertTime";s:19:"2015-06-01 13:00:38";s:2:"ip";s:3:"::1";s:3:"url";s:40:"/windu/image/jmbdqddpbmvh/170/100/smart/";s:11:"visitCookie";i:1;}
a:4:{s:10:"insertTime";s:19:"2015-06-01 13:00:38";s:2:"ip";s:3:"::1";s:3:"url";s:40:"/windu/image/vchmwpqggvvz/170/100/smart/";s:11:"visitCookie";i:1;}
a:4:{s:10:"insertTime";s:19:"2015-06-01 13:00:38";s:2:"ip";s:3:"::1";s:3:"url";s:40:"/windu/image/krbhpbgcnmdj/170/100/smart/";s:11:"visitCookie";i:1;}
a:4:{s:10:"insertTime";s:19:"2015-06-01 13:00:38";s:2:"ip";s:3:"::1";s:3:"url";s:40:"/windu/image/gpswvcxnvgyq/170/100/smart/";s:11:"visitCookie";i:1;}
a:4:{s:10:"insertTime";s:19:"2015-06-01 13:00:38";s:2:"ip";s:3:"::1";s:3:"url";s:40:"/windu/image/cmxgpyntdhbp/170/100/smart/";s:11:"visitCookie";i:1;}
a:4:{s:10:"insertTime";s:19:"2015-06-01 13:00:38";s:2:"ip";s:3:"::1";s:3:"url";s:40:"/windu/image/ytgmzawkxmxv/170/100/smart/";s:11:"visitCookie";i:1;}
a:4:{s:10:"insertTime";s:19:"2015-06-01 13:00:38";s:2:"ip";s:3:"::1";s:3:"url";s:40:"/windu/image/xbsmfyjfshpj/170/100/smart/";s:11:"visitCookie";i:1;}
a:4:{s:10:"insertTime";s:19:"2015-06-01 13:00:38";s:2:"ip";s:3:"::1";s:3:"url";s:40:"/windu/image/ndrfwavcvxxa/170/100/smart/";s:11:"visitCookie";i:1;}
a:4:{s:10:"insertTime";s:19:"2015-06-01 13:00:38";s:2:"ip";s:3:"::1";s:3:"url";s:16:"/windu/podstrona";s:11:"visitCookie";i:1;}
a:4:{s:10:"insertTime";s:19:"2015-06-01 13:00:38";s:2:"ip";s:3:"::1";s:3:"url";s:34:"/windu/admin/frontEditor/show/735/";s:11:"visitCookie";i:1;}
a:4:{s:10:"insertTime";s:19:"2015-06-01 13:00:38";s:2:"ip";s:3:"::1";s:3:"url";s:42:"/windu/admin/ajax/files/modalUploader/735/";s:11:"visitCookie";i:1;}
a:4:{s:10:"insertTime";s:19:"2015-06-01 13:00:38";s:2:"ip";s:3:"::1";s:3:"url";s:43:"/windu/admin/ajax/images/modalUploader/735/";s:11:"visitCookie";i:1;}
a:4:{s:10:"insertTime";s:19:"2015-06-01 13:00:38";s:2:"ip";s:3:"::1";s:3:"url";s:38:"/windu/admin/ajax/widgets/choseWidget/";s:11:"visitCookie";i:1;}
a:4:{s:10:"insertTime";s:19:"2015-06-01 13:00:38";s:2:"ip";s:3:"::1";s:3:"url";s:45:"/windu/app/plugins/admin/resources/img/246bad";s:11:"visitCookie";i:1;}
a:4:{s:10:"insertTime";s:19:"2015-06-01 13:00:39";s:2:"ip";s:3:"::1";s:3:"url";s:7:"/windu/";s:11:"visitCookie";i:1;}
a:4:{s:10:"insertTime";s:19:"2015-06-01 13:00:39";s:2:"ip";s:3:"::1";s:3:"url";s:43:"/windu/admin/ajax/images/modalUploader/390/";s:11:"visitCookie";i:1;}
a:4:{s:10:"insertTime";s:19:"2015-06-01 13:00:39";s:2:"ip";s:3:"::1";s:3:"url";s:34:"/windu/admin/frontEditor/show/390/";s:11:"visitCookie";i:1;}
a:4:{s:10:"insertTime";s:19:"2015-06-01 13:00:39";s:2:"ip";s:3:"::1";s:3:"url";s:42:"/windu/admin/ajax/files/modalUploader/390/";s:11:"visitCookie";i:1;}
a:4:{s:10:"insertTime";s:19:"2015-06-01 13:00:39";s:2:"ip";s:3:"::1";s:3:"url";s:45:"/windu/app/plugins/admin/resources/img/246bad";s:11:"visitCookie";i:1;}
a:4:{s:10:"insertTime";s:19:"2015-06-01 13:00:39";s:2:"ip";s:3:"::1";s:3:"url";s:38:"/windu/admin/ajax/widgets/choseWidget/";s:11:"visitCookie";i:1;}
a:4:{s:10:"insertTime";s:19:"2015-06-01 13:02:01";s:2:"ip";s:3:"::1";s:3:"url";s:36:"/windu/admin/content/pages/edit/390/";s:11:"visitCookie";i:1;}
a:4:{s:10:"insertTime";s:19:"2015-06-01 13:02:03";s:2:"ip";s:3:"::1";s:3:"url";s:38:"/windu/image/szptgxnyzpjq/200/150/fit/";s:11:"visitCookie";i:1;}
a:4:{s:10:"insertTime";s:19:"2015-06-01 13:02:03";s:2:"ip";s:3:"::1";s:3:"url";s:43:"/windu/image/szptgxnyzpjq/100/100/original/";s:11:"visitCookie";i:1;}
a:4:{s:10:"insertTime";s:19:"2015-06-01 13:02:03";s:2:"ip";s:3:"::1";s:3:"url";s:43:"/windu/admin/ajax/images/modalUploader/390/";s:11:"visitCookie";i:1;}
a:4:{s:10:"insertTime";s:19:"2015-06-01 13:02:03";s:2:"ip";s:3:"::1";s:3:"url";s:37:"/windu/admin/ajax/customfields/index/";s:11:"visitCookie";i:1;}
a:4:{s:10:"insertTime";s:19:"2015-06-01 13:02:03";s:2:"ip";s:3:"::1";s:3:"url";s:42:"/windu/admin/ajax/files/modalUploader/390/";s:11:"visitCookie";i:1;}
a:4:{s:10:"insertTime";s:19:"2015-06-01 13:02:03";s:2:"ip";s:3:"::1";s:3:"url";s:38:"/windu/admin/ajax/widgets/choseWidget/";s:11:"visitCookie";i:1;}
a:4:{s:10:"insertTime";s:19:"2015-06-01 13:03:18";s:2:"ip";s:3:"::1";s:3:"url";s:19:"/windu/no-tak-takie";s:11:"visitCookie";i:1;}
a:4:{s:10:"insertTime";s:19:"2015-06-01 13:03:20";s:2:"ip";s:3:"::1";s:3:"url";s:43:"/windu/admin/ajax/images/modalUploader/768/";s:11:"visitCookie";i:1;}
a:4:{s:10:"insertTime";s:19:"2015-06-01 13:03:20";s:2:"ip";s:3:"::1";s:3:"url";s:42:"/windu/admin/ajax/files/modalUploader/768/";s:11:"visitCookie";i:1;}
a:4:{s:10:"insertTime";s:19:"2015-06-01 13:03:20";s:2:"ip";s:3:"::1";s:3:"url";s:34:"/windu/admin/frontEditor/show/768/";s:11:"visitCookie";i:1;}
a:4:{s:10:"insertTime";s:19:"2015-06-01 13:03:20";s:2:"ip";s:3:"::1";s:3:"url";s:45:"/windu/app/plugins/admin/resources/img/246bad";s:11:"visitCookie";i:1;}
a:4:{s:10:"insertTime";s:19:"2015-06-01 13:03:20";s:2:"ip";s:3:"::1";s:3:"url";s:38:"/windu/admin/ajax/widgets/choseWidget/";s:11:"visitCookie";i:1;}
a:4:{s:10:"insertTime";s:19:"2015-06-01 13:03:27";s:2:"ip";s:3:"::1";s:3:"url";s:20:"/windu/aktualnosci-5";s:11:"visitCookie";i:1;}
a:4:{s:10:"insertTime";s:19:"2015-06-01 13:03:29";s:2:"ip";s:3:"::1";s:3:"url";s:38:"/windu/admin/ajax/widgets/choseWidget/";s:11:"visitCookie";i:1;}
a:4:{s:10:"insertTime";s:19:"2015-06-01 13:03:29";s:2:"ip";s:3:"::1";s:3:"url";s:42:"/windu/admin/ajax/files/modalUploader/745/";s:11:"visitCookie";i:1;}
a:4:{s:10:"insertTime";s:19:"2015-06-01 13:03:29";s:2:"ip";s:3:"::1";s:3:"url";s:43:"/windu/admin/ajax/images/modalUploader/745/";s:11:"visitCookie";i:1;}
a:4:{s:10:"insertTime";s:19:"2015-06-01 13:03:29";s:2:"ip";s:3:"::1";s:3:"url";s:45:"/windu/app/plugins/admin/resources/img/246bad";s:11:"visitCookie";i:1;}
a:4:{s:10:"insertTime";s:19:"2015-06-01 13:03:29";s:2:"ip";s:3:"::1";s:3:"url";s:34:"/windu/admin/frontEditor/show/745/";s:11:"visitCookie";i:1;}
a:4:{s:10:"insertTime";s:19:"2015-06-01 13:03:32";s:2:"ip";s:3:"::1";s:3:"url";s:27:"/windu/fusce-ultricies-quam";s:11:"visitCookie";i:1;}
a:4:{s:10:"insertTime";s:19:"2015-06-01 13:03:33";s:2:"ip";s:3:"::1";s:3:"url";s:42:"/windu/admin/ajax/files/modalUploader/765/";s:11:"visitCookie";i:1;}
a:4:{s:10:"insertTime";s:19:"2015-06-01 13:03:33";s:2:"ip";s:3:"::1";s:3:"url";s:38:"/windu/admin/ajax/widgets/choseWidget/";s:11:"visitCookie";i:1;}
a:4:{s:10:"insertTime";s:19:"2015-06-01 13:03:33";s:2:"ip";s:3:"::1";s:3:"url";s:43:"/windu/admin/ajax/images/modalUploader/765/";s:11:"visitCookie";i:1;}
a:4:{s:10:"insertTime";s:19:"2015-06-01 13:03:33";s:2:"ip";s:3:"::1";s:3:"url";s:45:"/windu/app/plugins/admin/resources/img/246bad";s:11:"visitCookie";i:1;}
a:4:{s:10:"insertTime";s:19:"2015-06-01 13:03:33";s:2:"ip";s:3:"::1";s:3:"url";s:34:"/windu/admin/frontEditor/show/765/";s:11:"visitCookie";i:1;}
a:4:{s:10:"insertTime";s:19:"2015-06-01 13:03:43";s:2:"ip";s:3:"::1";s:3:"url";s:20:"/windu/aktualnosci-5";s:11:"visitCookie";i:1;}
a:4:{s:10:"insertTime";s:19:"2015-06-01 13:03:44";s:2:"ip";s:3:"::1";s:3:"url";s:43:"/windu/admin/ajax/images/modalUploader/745/";s:11:"visitCookie";i:1;}
a:4:{s:10:"insertTime";s:19:"2015-06-01 13:03:44";s:2:"ip";s:3:"::1";s:3:"url";s:38:"/windu/admin/ajax/widgets/choseWidget/";s:11:"visitCookie";i:1;}
a:4:{s:10:"insertTime";s:19:"2015-06-01 13:03:44";s:2:"ip";s:3:"::1";s:3:"url";s:42:"/windu/admin/ajax/files/modalUploader/745/";s:11:"visitCookie";i:1;}
a:4:{s:10:"insertTime";s:19:"2015-06-01 13:03:44";s:2:"ip";s:3:"::1";s:3:"url";s:34:"/windu/admin/frontEditor/show/745/";s:11:"visitCookie";i:1;}
a:4:{s:10:"insertTime";s:19:"2015-06-01 13:03:45";s:2:"ip";s:3:"::1";s:3:"url";s:45:"/windu/app/plugins/admin/resources/img/246bad";s:11:"visitCookie";i:1;}
a:4:{s:10:"insertTime";s:19:"2015-06-01 13:03:54";s:2:"ip";s:3:"::1";s:3:"url";s:19:"/windu/no-no-nie-no";s:11:"visitCookie";i:1;}
a:4:{s:10:"insertTime";s:19:"2015-06-01 13:03:55";s:2:"ip";s:3:"::1";s:3:"url";s:43:"/windu/admin/ajax/images/modalUploader/747/";s:11:"visitCookie";i:1;}
a:4:{s:10:"insertTime";s:19:"2015-06-01 13:03:55";s:2:"ip";s:3:"::1";s:3:"url";s:34:"/windu/admin/frontEditor/show/747/";s:11:"visitCookie";i:1;}
a:4:{s:10:"insertTime";s:19:"2015-06-01 13:03:55";s:2:"ip";s:3:"::1";s:3:"url";s:45:"/windu/app/plugins/admin/resources/img/246bad";s:11:"visitCookie";i:1;}
a:4:{s:10:"insertTime";s:19:"2015-06-01 13:03:55";s:2:"ip";s:3:"::1";s:3:"url";s:42:"/windu/admin/ajax/files/modalUploader/747/";s:11:"visitCookie";i:1;}
a:4:{s:10:"insertTime";s:19:"2015-06-01 13:03:55";s:2:"ip";s:3:"::1";s:3:"url";s:38:"/windu/admin/ajax/widgets/choseWidget/";s:11:"visitCookie";i:1;}
a:4:{s:10:"insertTime";s:19:"2015-06-01 13:04:06";s:2:"ip";s:3:"::1";s:3:"url";s:14:"/windu/galeria";s:11:"visitCookie";i:1;}
a:4:{s:10:"insertTime";s:19:"2015-06-01 13:04:08";s:2:"ip";s:3:"::1";s:3:"url";s:43:"/windu/admin/ajax/images/modalUploader/737/";s:11:"visitCookie";i:1;}
a:4:{s:10:"insertTime";s:19:"2015-06-01 13:04:08";s:2:"ip";s:3:"::1";s:3:"url";s:45:"/windu/app/plugins/admin/resources/img/246bad";s:11:"visitCookie";i:1;}
a:4:{s:10:"insertTime";s:19:"2015-06-01 13:04:08";s:2:"ip";s:3:"::1";s:3:"url";s:38:"/windu/admin/ajax/widgets/choseWidget/";s:11:"visitCookie";i:1;}
a:4:{s:10:"insertTime";s:19:"2015-06-01 13:04:08";s:2:"ip";s:3:"::1";s:3:"url";s:42:"/windu/admin/ajax/files/modalUploader/737/";s:11:"visitCookie";i:1;}
a:4:{s:10:"insertTime";s:19:"2015-06-01 13:04:08";s:2:"ip";s:3:"::1";s:3:"url";s:34:"/windu/admin/frontEditor/show/737/";s:11:"visitCookie";i:1;}
a:4:{s:10:"insertTime";s:19:"2015-06-01 13:04:08";s:2:"ip";s:3:"::1";s:3:"url";s:40:"/windu/image/gpswvcxnvgyq/170/100/smart/";s:11:"visitCookie";i:1;}
a:4:{s:10:"insertTime";s:19:"2015-06-01 13:04:08";s:2:"ip";s:3:"::1";s:3:"url";s:40:"/windu/image/xxhhzzfntvbq/170/100/smart/";s:11:"visitCookie";i:1;}
a:4:{s:10:"insertTime";s:19:"2015-06-01 13:04:08";s:2:"ip";s:3:"::1";s:3:"url";s:40:"/windu/image/jmbdqddpbmvh/170/100/smart/";s:11:"visitCookie";i:1;}
a:4:{s:10:"insertTime";s:19:"2015-06-01 13:04:08";s:2:"ip";s:3:"::1";s:3:"url";s:40:"/windu/image/vchmwpqggvvz/170/100/smart/";s:11:"visitCookie";i:1;}
a:4:{s:10:"insertTime";s:19:"2015-06-01 13:04:08";s:2:"ip";s:3:"::1";s:3:"url";s:40:"/windu/image/krbhpbgcnmdj/170/100/smart/";s:11:"visitCookie";i:1;}
a:4:{s:10:"insertTime";s:19:"2015-06-01 13:04:08";s:2:"ip";s:3:"::1";s:3:"url";s:40:"/windu/image/gddwvktjqgkn/170/100/smart/";s:11:"visitCookie";i:1;}
a:4:{s:10:"insertTime";s:19:"2015-06-01 13:04:09";s:2:"ip";s:3:"::1";s:3:"url";s:40:"/windu/image/ndrfwavcvxxa/170/100/smart/";s:11:"visitCookie";i:1;}
a:4:{s:10:"insertTime";s:19:"2015-06-01 13:04:09";s:2:"ip";s:3:"::1";s:3:"url";s:40:"/windu/image/ytgmzawkxmxv/170/100/smart/";s:11:"visitCookie";i:1;}
a:4:{s:10:"insertTime";s:19:"2015-06-01 13:04:09";s:2:"ip";s:3:"::1";s:3:"url";s:40:"/windu/image/cmxgpyntdhbp/170/100/smart/";s:11:"visitCookie";i:1;}
a:4:{s:10:"insertTime";s:19:"2015-06-01 13:04:09";s:2:"ip";s:3:"::1";s:3:"url";s:40:"/windu/image/xbsmfyjfshpj/170/100/smart/";s:11:"visitCookie";i:1;}
a:4:{s:10:"insertTime";s:19:"2015-06-01 13:07:04";s:2:"ip";s:3:"::1";s:3:"url";s:40:"/windu/admin/do/content/autosaveSuccess/";s:11:"visitCookie";i:1;}
